Please type the command:
	1. Convert romean to arabican
	2. Convert arabican to romean
	3. Save current session
	4. Exit
Error: invalid command
Please type the command:
	1. Convert romean to arabican
	2. Convert arabican to romean
	3. Save current session
	4. Exit
Good bye!
Please type the command:
	1. Convert roman to arabican
	2. Convert arabican to roman
	3. Load session from file
	4. Save current session
	5. Clear current session
	6. Exit
Please enter the roman number: This don't work, sorry
Unable to convert this number
Please type the command:
	1. Convert roman to arabican
	2. Convert arabican to roman
	3. Load session from file
	4. Save current session
	5. Clear current session
	6. Exit
Please enter the arabian number: Converting...
Number in roman numeric system is: MCCXXXIIII
Please type the command:
	1. Convert roman to arabican
	2. Convert arabican to roman
	3. Load session from file
	4. Save current session
	5. Clear current session
	6. Exit
Please enter the session file name: Please type the command:
	1. Convert roman to arabican
	2. Convert arabican to roman
	3. Load session from file
	4. Save current session
	5. Clear current session
	6. Exit
Please enter the session file name: Error while saving session: unknown command
Please type the command:
	1. Convert roman to arabican
	2. Convert arabican to roman
	3. Load session from file
	4. Save current session
	5. Clear current session
	6. Exit
Good bye!
Please type the command:
	1. Convert roman to arabican
	2. Convert arabican to roman
	3. Print current session
	4. Load session from file
	5. Save current session
	6. Clear current session
	7. Exit
Please enter the roman number: This don't work, sorry
Unable to convert this number
Please type the command:
	1. Convert roman to arabican
	2. Convert arabican to roman
	3. Print current session
	4. Load session from file
	5. Save current session
	6. Clear current session
	7. Exit
Please enter the arabian number: Converting...
Number in roman numeric system is: MCCXXXIII
Please type the command:
	1. Convert roman to arabican
	2. Convert arabican to roman
	3. Print current session
	4. Load session from file
	5. Save current session
	6. Clear current session
	7. Exit
Please type the command:
	1. Convert roman to arabican
	2. Convert arabican to roman
	3. Print current session
	4. Load session from file
	5. Save current session
	6. Clear current session
	7. Exit
Good bye!
Please type the command:
	1. Convert roman to arabican
	2. Convert arabican to roman
	3. Print current session
	4. Load session from file
	5. Save current session
	6. Clear current session
	7. Exit
Please enter the arabian number: Converting...
Number in roman numeric system is: MCCXXXIIII
Please type the command:
	1. Convert roman to arabican
	2. Convert arabican to roman
	3. Print current session
	4. Load session from file
	5. Save current session
	6. Clear current session
	7. Exit
Session commands: 
Please type the command:
	1. Convert roman to arabican
	2. Convert arabican to roman
	3. Print current session
	4. Load session from file
	5. Save current session
	6. Clear current session
	7. Exit
Please enter the arabian number: Converting...
Number in roman numeric system is: XI
Please type the command:
	1. Convert roman to arabican
	2. Convert arabican to roman
	3. Print current session
	4. Load session from file
	5. Save current session
	6. Clear current session
	7. Exit
Session commands: 
Please type the command:
	1. Convert roman to arabican
	2. Convert arabican to roman
	3. Print current session
	4. Load session from file
	5. Save current session
	6. Clear current session
	7. Exit
Good bye!
Please type the command:
	1. Convert roman to arabican
	2. Convert arabican to roman
	3. Print current session
	4. Load session from file
	5. Save current session
	6. Clear current session
	7. Exit
Please enter the arabian number: Converting...
Number in roman numeric system is: MCCXXXIIII
Please type the command:
	1. Convert roman to arabican
	2. Convert arabican to roman
	3. Print current session
	4. Load session from file
	5. Save current session
	6. Clear current session
	7. Exit
Please enter the arabian number: Converting...
Number in roman numeric system is: CCCXXI
Please type the command:
	1. Convert roman to arabican
	2. Convert arabican to roman
	3. Print current session
	4. Load session from file
	5. Save current session
	6. Clear current session
	7. Exit
Session commands: 
Please type the command:
	1. Convert roman to arabican
	2. Convert arabican to roman
	3. Print current session
	4. Load session from file
	5. Save current session
	6. Clear current session
	7. Exit
Please enter the session file name: Please type the command:
	1. Convert roman to arabican
	2. Convert arabican to roman
	3. Print current session
	4. Load session from file
	5. Save current session
	6. Clear current session
	7. Exit
Session commands: 
Save session from some.bin
Please type the command:
	1. Convert roman to arabican
	2. Convert arabican to roman
	3. Print current session
	4. Load session from file
	5. Save current session
	6. Clear current session
	7. Exit
Good bye!
